Removed Pin From Net: NetName=ROW1 Pin=STM1-11
Removed Pin From Net: NetName=ROW2 Pin=STM1-12
Removed Pin From Net: NetName=ROW3 Pin=STM1-13
Change Component Designator: OldDesignator=D2 NewDesignator=D3
Change Component Designator: OldDesignator=D3 NewDesignator=D4
Change Component Designator: OldDesignator=D4 NewDesignator=D5
Change Component Designator: OldDesignator=D5 NewDesignator=D6
Change Component Designator: OldDesignator=D6 NewDesignator=D7
Change Component Designator: OldDesignator=D7 NewDesignator=D9
Change Component Designator: OldDesignator=D8 NewDesignator=D10
Change Component Designator: OldDesignator=D9 NewDesignator=D11
Change Component Designator: OldDesignator=D10 NewDesignator=D2
Change Component Designator: OldDesignator=D11 NewDesignator=D8
Change Component Designator: OldDesignator=SW3 NewDesignator=SW4
Change Component Designator: OldDesignator=SW4 NewDesignator=SW5
Change Component Designator: OldDesignator=SW5 NewDesignator=SW6
Change Component Designator: OldDesignator=SW6 NewDesignator=SW8
Change Component Designator: OldDesignator=SW7 NewDesignator=SW9
Change Component Designator: OldDesignator=SW8 NewDesignator=SW10
Change Component Designator: OldDesignator=SW9 NewDesignator=SW12
Change Component Designator: OldDesignator=SW10 NewDesignator=SW3
Change Component Designator: OldDesignator=SW11 NewDesignator=SW7
Change Component Designator: OldDesignator=SW12 NewDesignator=SW11
Added Component: Designator=D13(DIODE 0.5A)
Add component (AddParameter): Name = "Chung_Loai"; Value = "C?m"; VariantName = "[No Variations]"
Add component (AddParameter): Name = "Don_Vi"; Value = "Con"; VariantName = "[No Variations]"
Add component (AddParameter): Name = "Ghi Chu"; Value = ""; VariantName = "[No Variations]"
Add component (AddParameter): Name = "Kieu_Chan"; Value = ""; VariantName = "[No Variations]"
Add component (AddParameter): Name = "Ma_Hang"; Value = "MH001065"; VariantName = "[No Variations]"
Add component (AddParameter): Name = "Ten_Linh_Kien"; Value = "Diode 1N4148 DO35 450mA 100V ( 1N4148 DIP)"; VariantName = "[No Variations]"
Added Component: Designator=D14(DIODE 0.5A)
Add component (AddParameter): Name = "Chung_Loai"; Value = "C?m"; VariantName = "[No Variations]"
Add component (AddParameter): Name = "Don_Vi"; Value = "Con"; VariantName = "[No Variations]"
Add component (AddParameter): Name = "Ghi Chu"; Value = ""; VariantName = "[No Variations]"
Add component (AddParameter): Name = "Kieu_Chan"; Value = ""; VariantName = "[No Variations]"
Add component (AddParameter): Name = "Ma_Hang"; Value = "MH001065"; VariantName = "[No Variations]"
Add component (AddParameter): Name = "Ten_Linh_Kien"; Value = "Diode 1N4148 DO35 450mA 100V ( 1N4148 DIP)"; VariantName = "[No Variations]"
Added Component: Designator=D15(DIODE 0.5A)
Add component (AddParameter): Name = "Chung_Loai"; Value = "C?m"; VariantName = "[No Variations]"
Add component (AddParameter): Name = "Don_Vi"; Value = "Con"; VariantName = "[No Variations]"
Add component (AddParameter): Name = "Ghi Chu"; Value = ""; VariantName = "[No Variations]"
Add component (AddParameter): Name = "Kieu_Chan"; Value = ""; VariantName = "[No Variations]"
Add component (AddParameter): Name = "Ma_Hang"; Value = "MH001065"; VariantName = "[No Variations]"
Add component (AddParameter): Name = "Ten_Linh_Kien"; Value = "Diode 1N4148 DO35 450mA 100V ( 1N4148 DIP)"; VariantName = "[No Variations]"
Added Component: Designator=D16(DIODE 0.5A)
Add component (AddParameter): Name = "Chung_Loai"; Value = "C?m"; VariantName = "[No Variations]"
Add component (AddParameter): Name = "Don_Vi"; Value = "Con"; VariantName = "[No Variations]"
Add component (AddParameter): Name = "Ghi Chu"; Value = ""; VariantName = "[No Variations]"
Add component (AddParameter): Name = "Kieu_Chan"; Value = ""; VariantName = "[No Variations]"
Add component (AddParameter): Name = "Ma_Hang"; Value = "MH001065"; VariantName = "[No Variations]"
Add component (AddParameter): Name = "Ten_Linh_Kien"; Value = "Diode 1N4148 DO35 450mA 100V ( 1N4148 DIP)"; VariantName = "[No Variations]"
Added Component: Designator=SW13(MX_Cherry_LED)
Added Component: Designator=SW14(MX_Cherry_LED)
Added Component: Designator=SW15(MX_Cherry_LED)
Added Component: Designator=SW16(MX_Cherry_LED)
Added Pin To Net: NetName=COL3 Pin=D13-1
Added Pin To Net: NetName=COL1 Pin=D14-1
Added Pin To Net: NetName=COL2 Pin=D15-1
Added Pin To Net: NetName=COL4 Pin=D16-1
Added Pin To Net: NetName=COL4 Pin=STM1-2
Added Pin To Net: NetName=ROW1 Pin=STM1-10
Added Pin To Net: NetName=ROW2 Pin=STM1-11
Added Pin To Net: NetName=ROW3 Pin=STM1-12
Change Net Name : Old Net Name=NetD2_2 New Net Name=NetD3_2
Change Net Name : Old Net Name=NetD3_2 New Net Name=NetD4_2
Change Net Name : Old Net Name=NetD4_2 New Net Name=NetD5_2
Change Net Name : Old Net Name=NetD5_2 New Net Name=NetD6_2
Change Net Name : Old Net Name=NetD6_2 New Net Name=NetD7_2
Change Net Name : Old Net Name=NetD7_2 New Net Name=NetD9_2
Change Net Name : Old Net Name=NetD8_2 New Net Name=NetD10_2
Change Net Name : Old Net Name=NetD9_2 New Net Name=NetD11_2
Change Net Name : Old Net Name=NetD10_2 New Net Name=NetD2_2
Change Net Name : Old Net Name=NetD11_2 New Net Name=NetD8_2
Added Pin To Net: NetName=NetD13_2 Pin=D13-2
Added Pin To Net: NetName=NetD13_2 Pin=SW15-2
Added Net: Name=NetD13_2
Added Pin To Net: NetName=NetD14_2 Pin=D14-2
Added Pin To Net: NetName=NetD14_2 Pin=SW14-2
Added Net: Name=NetD14_2
Added Pin To Net: NetName=NetD15_2 Pin=D15-2
Added Pin To Net: NetName=NetD15_2 Pin=SW13-2
Added Net: Name=NetD15_2
Added Pin To Net: NetName=NetD16_2 Pin=D16-2
Added Pin To Net: NetName=NetD16_2 Pin=SW16-2
Added Net: Name=NetD16_2
Added Pin To Net: NetName=ROW4 Pin=STM1-13
Added Pin To Net: NetName=ROW4 Pin=SW13-1
Added Pin To Net: NetName=ROW4 Pin=SW14-1
Added Pin To Net: NetName=ROW4 Pin=SW15-1
Added Pin To Net: NetName=ROW4 Pin=SW16-1
Added Net: Name=ROW4
Added Member To Class: ClassName=schematic Member=Component D13 100v
Added Member To Class: ClassName=schematic Member=Component D14 100v
Added Member To Class: ClassName=schematic Member=Component D15 100v
Added Member To Class: ClassName=schematic Member=Component D16 100v
Added Member To Class: ClassName=schematic Member=Component SW13 Cherry MX with an LED
Added Member To Class: ClassName=schematic Member=Component SW14 Cherry MX with an LED
Added Member To Class: ClassName=schematic Member=Component SW15 Cherry MX with an LED
Added Member To Class: ClassName=schematic Member=Component SW16 Cherry MX with an LED
Added Room: Name=schematic
